This file contains any messages produced by compilers while
running configure, to aid debugging if configure makes a mistake.

It was created by vowpal_wabbit configure 8.2.1, which was
generated by GNU Autoconf 2.69.  Invocation command line was

  $ ./configure 

## --------- ##
## Platform. ##
## --------- ##

hostname = Scotts-MBP
uname -m = x86_64
uname -r = 15.6.0
uname -s = Darwin
uname -v = Darwin Kernel Version 15.6.0: Thu Jun 23 18:25:34 PDT 2016; root:xnu-3248.60.10~1/RELEASE_X86_64

/usr/bin/uname -p = i386
/bin/uname -X     = unknown

/bin/arch              = unknown
/usr/bin/arch -k       = unknown
/usr/convex/getsysinfo = unknown
/usr/bin/hostinfo      = Mach kernel version:
	 Darwin Kernel Version 15.6.0: Thu Jun 23 18:25:34 PDT 2016; root:xnu-3248.60.10~1/RELEASE_X86_64
Kernel configured for up to 8 processors.
4 processors are physically available.
8 processors are logically available.
Processor type: i486 (Intel 80486)
Processors active: 0 1 2 3 4 5 6 7
Primary memory available: 16.00 gigabytes
Default processor set: 328 tasks, 1719 threads, 8 processors
Load average: 3.68, Mach factor: 4.31
/bin/machine           = unknown
/usr/bin/oslevel       = unknown
/bin/universe          = unknown

PATH: /Users/sgraham/.virtualenvs/vw/bin
PATH: /Users/sgraham/repos/third_party/arcanist/bin
PATH: /usr/local/android-sdk
PATH: /Users/sgraham/lib/jython2.5.2
PATH: /usr/local/bin
PATH: /usr/local/sbin
PATH: /usr/local/bin
PATH: /usr/bin
PATH: /bin
PATH: /usr/sbin
PATH: /sbin
PATH: /opt/X11/bin
PATH: /usr/local/git/bin
PATH: /usr/texbin


## ----------- ##
## Core tests. ##
## ----------- ##

configure:2484: checking for a BSD-compatible install
configure:2552: result: /usr/bin/install -c
configure:2563: checking whether build environment is sane
configure:2618: result: yes
configure:2769: checking for a thread-safe mkdir -p
configure:2808: result: ./install-sh -c -d
configure:2815: checking for gawk
configure:2845: result: no
configure:2815: checking for mawk
configure:2845: result: no
configure:2815: checking for nawk
configure:2845: result: no
configure:2815: checking for awk
configure:2831: found /usr/bin/awk
configure:2842: result: awk
configure:2853: checking whether make sets $(MAKE)
configure:2875: result: yes
configure:2904: checking whether make supports nested variables
configure:2921: result: yes
configure:3110: checking for g++
configure:3126: found /usr/bin/g++
configure:3137: result: g++
configure:3164: checking for C++ compiler version
configure:3173: g++ --version >&5
Apple LLVM version 7.3.0 (clang-703.0.31)
Target: x86_64-apple-darwin15.6.0
Thread model: posix
InstalledDir: /Applications/Xcode.app/Contents/Developer/Toolchains/XcodeDefault.xctoolchain/usr/bin
Configured with: --prefix=/Applications/Xcode.app/Contents/Developer/usr --with-gxx-include-dir=/usr/include/c++/4.2.1
configure:3184: $? = 0
configure:3173: g++ -v >&5
Configured with: --prefix=/Applications/Xcode.app/Contents/Developer/usr --with-gxx-include-dir=/usr/include/c++/4.2.1
Apple LLVM version 7.3.0 (clang-703.0.31)
Target: x86_64-apple-darwin15.6.0
Thread model: posix
InstalledDir: /Applications/Xcode.app/Contents/Developer/Toolchains/XcodeDefault.xctoolchain/usr/bin
configure:3184: $? = 0
configure:3173: g++ -V >&5
clang: error: argument to '-V' is missing (expected 1 value)
clang: error: no input files
configure:3184: $? = 1
configure:3173: g++ -qversion >&5
clang: error: unknown argument: '-qversion'
clang: error: no input files
configure:3184: $? = 1
configure:3204: checking whether the C++ compiler works
configure:3226: g++    conftest.cpp  >&5
configure:3230: $? = 0
configure:3278: result: yes
configure:3281: checking for C++ compiler default output file name
configure:3283: result: a.out
configure:3289: checking for suffix of executables
configure:3296: g++ -o conftest    conftest.cpp  >&5
configure:3300: $? = 0
configure:3322: result: 
configure:3344: checking whether we are cross compiling
configure:3352: g++ -o conftest    conftest.cpp  >&5
configure:3356: $? = 0
configure:3363: ./conftest
configure:3367: $? = 0
configure:3382: result: no
configure:3387: checking for suffix of object files
configure:3409: g++ -c   conftest.cpp >&5
configure:3413: $? = 0
configure:3434: result: o
configure:3438: checking whether we are using the GNU C++ compiler
configure:3457: g++ -c   conftest.cpp >&5
configure:3457: $? = 0
configure:3466: result: yes
configure:3475: checking whether g++ accepts -g
configure:3495: g++ -c -g  conftest.cpp >&5
configure:3495: $? = 0
configure:3536: result: yes
configure:3570: checking for style of include used by make
configure:3598: result: GNU
configure:3624: checking dependency style of g++
configure:3735: result: gcc3
configure:3755: checking how to run the C++ preprocessor
configure:3782: g++ -E  conftest.cpp
configure:3782: $? = 0
configure:3796: g++ -E  conftest.cpp
conftest.cpp:11:10: fatal error: 'ac_nonexistent.h' file not found
#include <ac_nonexistent.h>
         ^
1 error generated.
configure:3796: $? = 1
configure: failed program was:
| /* confdefs.h */
| #define PACKAGE_NAME "vowpal_wabbit"
| #define PACKAGE_TARNAME "vowpal_wabbit"
| #define PACKAGE_VERSION "8.2.1"
| #define PACKAGE_STRING "vowpal_wabbit 8.2.1"
| #define PACKAGE_BUGREPORT "jl@hunch.net"
| #define PACKAGE_URL "https://github.com/JohnLangford/vowpal_wabbit"
| #define PACKAGE "vowpal_wabbit"
| #define VERSION "8.2.1"
| /* end confdefs.h.  */
| #include <ac_nonexistent.h>
configure:3821: result: g++ -E
configure:3841: g++ -E  conftest.cpp
configure:3841: $? = 0
configure:3855: g++ -E  conftest.cpp
conftest.cpp:11:10: fatal error: 'ac_nonexistent.h' file not found
#include <ac_nonexistent.h>
         ^
1 error generated.
configure:3855: $? = 1
configure: failed program was:
| /* confdefs.h */
| #define PACKAGE_NAME "vowpal_wabbit"
| #define PACKAGE_TARNAME "vowpal_wabbit"
| #define PACKAGE_VERSION "8.2.1"
| #define PACKAGE_STRING "vowpal_wabbit 8.2.1"
| #define PACKAGE_BUGREPORT "jl@hunch.net"
| #define PACKAGE_URL "https://github.com/JohnLangford/vowpal_wabbit"
| #define PACKAGE "vowpal_wabbit"
| #define VERSION "8.2.1"
| /* end confdefs.h.  */
| #include <ac_nonexistent.h>
configure:3893: checking build system type
configure:3907: result: x86_64-apple-darwin15.6.0
configure:3927: checking host system type
configure:3940: result: x86_64-apple-darwin15.6.0
configure:4007: checking how to print strings
configure:4034: result: printf
configure:4103: checking for gcc
configure:4119: found /usr/bin/gcc
configure:4130: result: gcc
configure:4359: checking for C compiler version
configure:4368: gcc --version >&5
Apple LLVM version 7.3.0 (clang-703.0.31)
Target: x86_64-apple-darwin15.6.0
Thread model: posix
InstalledDir: /Applications/Xcode.app/Contents/Developer/Toolchains/XcodeDefault.xctoolchain/usr/bin
Configured with: --prefix=/Applications/Xcode.app/Contents/Developer/usr --with-gxx-include-dir=/usr/include/c++/4.2.1
configure:4379: $? = 0
configure:4368: gcc -v >&5
Configured with: --prefix=/Applications/Xcode.app/Contents/Developer/usr --with-gxx-include-dir=/usr/include/c++/4.2.1
Apple LLVM version 7.3.0 (clang-703.0.31)
Target: x86_64-apple-darwin15.6.0
Thread model: posix
InstalledDir: /Applications/Xcode.app/Contents/Developer/Toolchains/XcodeDefault.xctoolchain/usr/bin
configure:4379: $? = 0
configure:4368: gcc -V >&5
clang: error: argument to '-V' is missing (expected 1 value)
clang: error: no input files
configure:4379: $? = 1
configure:4368: gcc -qversion >&5
clang: error: unknown argument: '-qversion'
clang: error: no input files
configure:4379: $? = 1
configure:4383: checking whether we are using the GNU C compiler
configure:4402: gcc -c   conftest.c >&5
configure:4402: $? = 0
configure:4411: result: yes
configure:4420: checking whether gcc accepts -g
configure:4440: gcc -c -g  conftest.c >&5
configure:4440: $? = 0
configure:4481: result: yes
configure:4498: checking for gcc option to accept ISO C89
configure:4561: gcc  -c -g -O2  conftest.c >&5
configure:4561: $? = 0
configure:4574: result: none needed
configure:4599: checking whether gcc understands -c and -o together
configure:4621: gcc -c conftest.c -o conftest2.o
configure:4624: $? = 0
configure:4621: gcc -c conftest.c -o conftest2.o
configure:4624: $? = 0
configure:4636: result: yes
configure:4655: checking dependency style of gcc
configure:4766: result: gcc3
configure:4781: checking for a sed that does not truncate output
configure:4845: result: /usr/local/bin/gsed
configure:4863: checking for grep that handles long lines and -e
configure:4921: result: /usr/bin/grep
configure:4926: checking for egrep
configure:4988: result: /usr/bin/grep -E
configure:4993: checking for fgrep
configure:5055: result: /usr/bin/grep -F
configure:5090: checking for ld used by gcc
configure:5157: result: /Applications/Xcode.app/Contents/Developer/Toolchains/XcodeDefault.xctoolchain/usr/bin/ld
configure:5164: checking if the linker (/Applications/Xcode.app/Contents/Developer/Toolchains/XcodeDefault.xctoolchain/usr/bin/ld) is GNU ld
configure:5179: result: no
configure:5191: checking for BSD- or MS-compatible name lister (nm)
configure:5240: result: /usr/bin/nm -B
configure:5370: checking the name lister (/usr/bin/nm -B) interface
configure:5377: g++ -c   conftest.cpp >&5
configure:5380: /usr/bin/nm -B "conftest.o"
configure:5383: output
0000000000000000 S _some_variable
configure:5390: result: BSD nm
configure:5393: checking whether ln -s works
configure:5397: result: yes
configure:5405: checking the maximum length of command line arguments
configure:5536: result: 196608
configure:5553: checking whether the shell understands some XSI constructs
configure:5563: result: yes
configure:5567: checking whether the shell understands "+="
configure:5573: result: yes
configure:5608: checking how to convert x86_64-apple-darwin15.6.0 file names to x86_64-apple-darwin15.6.0 format
configure:5648: result: func_convert_file_noop
configure:5655: checking how to convert x86_64-apple-darwin15.6.0 file names to toolchain format
configure:5675: result: func_convert_file_noop
configure:5682: checking for /Applications/Xcode.app/Contents/Developer/Toolchains/XcodeDefault.xctoolchain/usr/bin/ld option to reload object files
configure:5689: result: -r
configure:5763: checking for objdump
configure:5793: result: no
configure:5822: checking how to recognize dependent libraries
configure:6020: result: pass_all
configure:6105: checking for dlltool
configure:6135: result: no
configure:6165: checking how to associate runtime and link libraries
configure:6192: result: printf %s\n
configure:6253: checking for ar
configure:6269: found /usr/bin/ar
configure:6280: result: ar
configure:6317: checking for archiver @FILE support
configure:6334: g++ -c   conftest.cpp >&5
configure:6334: $? = 0
configure:6337: ar cru libconftest.a @conftest.lst >&5
ar: @conftest.lst: No such file or directory
configure:6340: $? = 1
configure:6360: result: no
configure:6418: checking for strip
configure:6434: found /usr/bin/strip
configure:6445: result: strip
configure:6517: checking for ranlib
configure:6533: found /usr/bin/ranlib
configure:6544: result: ranlib
configure:6646: checking command to parse /usr/bin/nm -B output from gcc object
configure:6766: g++ -c   conftest.cpp >&5
configure:6769: $? = 0
configure:6773: /usr/bin/nm -B conftest.o \| sed -n -e 's/^.*[ ]\([BCDEGRST][BCDEGRST]*\)[ ][ ]*\([_A-Za-z][_A-Za-z0-9]*\)$/\1 \2 \2/p' | sed '/ __gnu_lto/d' \> conftest.nm
configure:6776: $? = 0
cannot find nm_test_var in conftest.nm
configure:6766: g++ -c   conftest.cpp >&5
configure:6769: $? = 0
configure:6773: /usr/bin/nm -B conftest.o \| sed -n -e 's/^.*[ ]\([BCDEGRST][BCDEGRST]*\)[ ][ ]*_\([_A-Za-z][_A-Za-z0-9]*\)$/\1 _\2 \2/p' | sed '/ __gnu_lto/d' \> conftest.nm
configure:6776: $? = 0
configure:6842: g++ -o conftest    conftest.cpp conftstm.o >&5
configure:6845: $? = 0
configure:6883: result: ok
configure:6920: checking for sysroot
configure:6950: result: no
configure:7220: checking for mt
configure:7250: result: no
configure:7270: checking if : is a manifest tool
configure:7276: : '-?'
configure:7284: result: no
configure:7340: checking for dsymutil
configure:7356: found /usr/bin/dsymutil
configure:7367: result: dsymutil
configure:7432: checking for nmedit
configure:7448: found /usr/bin/nmedit
configure:7459: result: nmedit
configure:7524: checking for lipo
configure:7540: found /usr/bin/lipo
configure:7551: result: lipo
configure:7616: checking for otool
configure:7632: found /usr/bin/otool
configure:7643: result: otool
configure:7708: checking for otool64
configure:7738: result: no
configure:7783: checking for -single_module linker flag
gcc -g -O2  -o libconftest.dylib -dynamiclib -Wl,-single_module conftest.c
configure:7816: result: yes
configure:7819: checking for -exported_symbols_list linker flag
configure:7839: g++ -o conftest    -Wl,-exported_symbols_list,conftest.sym conftest.cpp  >&5
configure:7839: $? = 0
configure:7849: result: yes
configure:7852: checking for -force_load linker flag
gcc -g -O2 -c -o conftest.o conftest.c
ar cru libconftest.a conftest.o
ranlib libconftest.a
gcc -g -O2  -o conftest conftest.c -Wl,-force_load,./libconftest.a
configure:7884: result: yes
configure:7926: checking how to run the C preprocessor
configure:7957: gcc -E  conftest.c
configure:7957: $? = 0
configure:7971: gcc -E  conftest.c
conftest.c:11:10: fatal error: 'ac_nonexistent.h' file not found
#include <ac_nonexistent.h>
         ^
1 error generated.
configure:7971: $? = 1
configure: failed program was:
| /* confdefs.h */
| #define PACKAGE_NAME "vowpal_wabbit"
| #define PACKAGE_TARNAME "vowpal_wabbit"
| #define PACKAGE_VERSION "8.2.1"
| #define PACKAGE_STRING "vowpal_wabbit 8.2.1"
| #define PACKAGE_BUGREPORT "jl@hunch.net"
| #define PACKAGE_URL "https://github.com/JohnLangford/vowpal_wabbit"
| #define PACKAGE "vowpal_wabbit"
| #define VERSION "8.2.1"
| /* end confdefs.h.  */
| #include <ac_nonexistent.h>
configure:7996: result: gcc -E
configure:8016: gcc -E  conftest.c
configure:8016: $? = 0
configure:8030: gcc -E  conftest.c
conftest.c:11:10: fatal error: 'ac_nonexistent.h' file not found
#include <ac_nonexistent.h>
         ^
1 error generated.
configure:8030: $? = 1
configure: failed program was:
| /* confdefs.h */
| #define PACKAGE_NAME "vowpal_wabbit"
| #define PACKAGE_TARNAME "vowpal_wabbit"
| #define PACKAGE_VERSION "8.2.1"
| #define PACKAGE_STRING "vowpal_wabbit 8.2.1"
| #define PACKAGE_BUGREPORT "jl@hunch.net"
| #define PACKAGE_URL "https://github.com/JohnLangford/vowpal_wabbit"
| #define PACKAGE "vowpal_wabbit"
| #define VERSION "8.2.1"
| /* end confdefs.h.  */
| #include <ac_nonexistent.h>
configure:8059: checking for ANSI C header files
configure:8079: gcc -c -g -O2  conftest.c >&5
configure:8079: $? = 0
configure:8152: gcc -o conftest -g -O2   conftest.c  >&5
configure:8152: $? = 0
configure:8152: ./conftest
configure:8152: $? = 0
configure:8163: result: yes
configure:8176: checking for sys/types.h
configure:8176: gcc -c -g -O2  conftest.c >&5
configure:8176: $? = 0
configure:8176: result: yes
configure:8176: checking for sys/stat.h
configure:8176: gcc -c -g -O2  conftest.c >&5
configure:8176: $? = 0
configure:8176: result: yes
configure:8176: checking for stdlib.h
configure:8176: gcc -c -g -O2  conftest.c >&5
configure:8176: $? = 0
configure:8176: result: yes
configure:8176: checking for string.h
configure:8176: gcc -c -g -O2  conftest.c >&5
configure:8176: $? = 0
configure:8176: result: yes
configure:8176: checking for memory.h
configure:8176: gcc -c -g -O2  conftest.c >&5
configure:8176: $? = 0
configure:8176: result: yes
configure:8176: checking for strings.h
configure:8176: gcc -c -g -O2  conftest.c >&5
configure:8176: $? = 0
configure:8176: result: yes
configure:8176: checking for inttypes.h
configure:8176: gcc -c -g -O2  conftest.c >&5
configure:8176: $? = 0
configure:8176: result: yes
configure:8176: checking for stdint.h
configure:8176: gcc -c -g -O2  conftest.c >&5
configure:8176: $? = 0
configure:8176: result: yes
configure:8176: checking for unistd.h
configure:8176: gcc -c -g -O2  conftest.c >&5
configure:8176: $? = 0
configure:8176: result: yes
configure:8190: checking for dlfcn.h
configure:8190: gcc -c -g -O2  conftest.c >&5
configure:8190: $? = 0
configure:8190: result: yes
configure:8406: checking for objdir
configure:8421: result: .libs
configure:8692: checking if gcc supports -fno-rtti -fno-exceptions
configure:8710: gcc -c -g -O2  -fno-rtti -fno-exceptions conftest.c >&5
configure:8714: $? = 0
configure:8727: result: yes
configure:9054: checking for gcc option to produce PIC
configure:9061: result: -fno-common -DPIC
configure:9069: checking if gcc PIC flag -fno-common -DPIC works
configure:9087: gcc -c -g -O2  -fno-common -DPIC -DPIC conftest.c >&5
configure:9091: $? = 0
configure:9104: result: yes
configure:9133: checking if gcc static flag -static works
configure:9161: result: no
configure:9176: checking if gcc supports -c -o file.o
configure:9197: gcc -c -g -O2  -o out/conftest2.o conftest.c >&5
configure:9201: $? = 0
configure:9223: result: yes
configure:9231: checking if gcc supports -c -o file.o
configure:9278: result: yes
configure:9311: checking whether the gcc linker (/Applications/Xcode.app/Contents/Developer/Toolchains/XcodeDefault.xctoolchain/usr/bin/ld) supports shared libraries
configure:10468: result: yes
configure:10708: checking dynamic linker characteristics
configure:11442: result: darwin15.6.0 dyld
configure:11549: checking how to hardcode library paths into programs
configure:11574: result: immediate
configure:12114: checking whether stripping libraries is possible
configure:12128: result: yes
configure:12154: checking if libtool supports shared libraries
configure:12156: result: yes
configure:12159: checking whether to build shared libraries
configure:12180: result: yes
configure:12183: checking whether to build static libraries
configure:12187: result: yes
configure:12210: checking how to run the C++ preprocessor
configure:12276: result: g++ -E
configure:12296: g++ -E  conftest.cpp
configure:12296: $? = 0
configure:12310: g++ -E  conftest.cpp
conftest.cpp:23:10: fatal error: 'ac_nonexistent.h' file not found
#include <ac_nonexistent.h>
         ^
1 error generated.
configure:12310: $? = 1
configure: failed program was:
| /* confdefs.h */
| #define PACKAGE_NAME "vowpal_wabbit"
| #define PACKAGE_TARNAME "vowpal_wabbit"
| #define PACKAGE_VERSION "8.2.1"
| #define PACKAGE_STRING "vowpal_wabbit 8.2.1"
| #define PACKAGE_BUGREPORT "jl@hunch.net"
| #define PACKAGE_URL "https://github.com/JohnLangford/vowpal_wabbit"
| #define PACKAGE "vowpal_wabbit"
| #define VERSION "8.2.1"
| #define STDC_HEADERS 1
| #define HAVE_SYS_TYPES_H 1
| #define HAVE_SYS_STAT_H 1
| #define HAVE_STDLIB_H 1
| #define HAVE_STRING_H 1
| #define HAVE_MEMORY_H 1
| #define HAVE_STRINGS_H 1
| #define HAVE_INTTYPES_H 1
| #define HAVE_STDINT_H 1
| #define HAVE_UNISTD_H 1
| #define HAVE_DLFCN_H 1
| #define LT_OBJDIR ".libs/"
| /* end confdefs.h.  */
| #include <ac_nonexistent.h>
configure:12479: checking for ld used by g++
configure:12546: result: /Applications/Xcode.app/Contents/Developer/Toolchains/XcodeDefault.xctoolchain/usr/bin/ld
configure:12553: checking if the linker (/Applications/Xcode.app/Contents/Developer/Toolchains/XcodeDefault.xctoolchain/usr/bin/ld) is GNU ld
configure:12568: result: no
configure:12623: checking whether the g++ linker (/Applications/Xcode.app/Contents/Developer/Toolchains/XcodeDefault.xctoolchain/usr/bin/ld) supports shared libraries
configure:13625: result: yes
configure:13661: g++ -c   conftest.cpp >&5
configure:13664: $? = 0
configure:14184: checking for g++ option to produce PIC
configure:14191: result: -fno-common -DPIC
configure:14199: checking if g++ PIC flag -fno-common -DPIC works
configure:14217: g++ -c   -fno-common -DPIC -DPIC conftest.cpp >&5
configure:14221: $? = 0
configure:14234: result: yes
configure:14257: checking if g++ static flag -static works
configure:14285: result: no
configure:14297: checking if g++ supports -c -o file.o
configure:14318: g++ -c   -o out/conftest2.o conftest.cpp >&5
configure:14322: $? = 0
configure:14344: result: yes
configure:14349: checking if g++ supports -c -o file.o
configure:14396: result: yes
configure:14426: checking whether the g++ linker (/Applications/Xcode.app/Contents/Developer/Toolchains/XcodeDefault.xctoolchain/usr/bin/ld) supports shared libraries
configure:14465: result: yes
configure:14606: checking dynamic linker characteristics
configure:15274: result: darwin15.6.0 dyld
configure:15327: checking how to hardcode library paths into programs
configure:15352: result: immediate
configure:15420: checking whether g++ supports C++11 features by default
configure:15454: g++ -c   conftest.cpp >&5
conftest.cpp:27:21: error: expected parameter declarator
      static_assert(sizeof(int) <= sizeof(T), "not big enough");
                    ^
conftest.cpp:27:21: error: expected ')'
conftest.cpp:27:20: note: to match this '('
      static_assert(sizeof(int) <= sizeof(T), "not big enough");
                   ^
conftest.cpp:27:7: error: C++ requires a type specifier for all declarations
      static_assert(sizeof(int) <= sizeof(T), "not big enough");
      ^
conftest.cpp:34:22: warning: 'override' keyword is a C++11 extension [-Wc++11-extensions]
    virtual void f() override {}
                     ^
conftest.cpp:37:29: error: a space is required between consecutive right angle brackets (use '> >')
    typedef check<check<bool>> right_angle_brackets;
                            ^~
                            > >
conftest.cpp:40:5: error: unknown type name 'decltype'
    decltype(a) b;
    ^
conftest.cpp:40:16: error: expected ';' after top level declarator
    decltype(a) b;
               ^
               ;
conftest.cpp:44:15: warning: rvalue references are a C++11 extension [-Wc++11-extensions]
    check_type&& cr = static_cast<check_type&&>(c);
              ^
conftest.cpp:44:45: warning: rvalue references are a C++11 extension [-Wc++11-extensions]
    check_type&& cr = static_cast<check_type&&>(c);
                                            ^
conftest.cpp:46:5: warning: 'auto' type specifier is a C++11 extension [-Wc++11-extensions]
    auto d = a;
    ^
conftest.cpp:47:5: warning: 'auto' type specifier is a C++11 extension [-Wc++11-extensions]
    auto l = [](){};
    ^
conftest.cpp:47:14: error: expected expression
    auto l = [](){};
             ^
5 warnings and 7 errors generated.
configure:15454: $? = 1
configure: failed program was:
| /* confdefs.h */
| #define PACKAGE_NAME "vowpal_wabbit"
| #define PACKAGE_TARNAME "vowpal_wabbit"
| #define PACKAGE_VERSION "8.2.1"
| #define PACKAGE_STRING "vowpal_wabbit 8.2.1"
| #define PACKAGE_BUGREPORT "jl@hunch.net"
| #define PACKAGE_URL "https://github.com/JohnLangford/vowpal_wabbit"
| #define PACKAGE "vowpal_wabbit"
| #define VERSION "8.2.1"
| #define STDC_HEADERS 1
| #define HAVE_SYS_TYPES_H 1
| #define HAVE_SYS_STAT_H 1
| #define HAVE_STDLIB_H 1
| #define HAVE_STRING_H 1
| #define HAVE_MEMORY_H 1
| #define HAVE_STRINGS_H 1
| #define HAVE_INTTYPES_H 1
| #define HAVE_STDINT_H 1
| #define HAVE_UNISTD_H 1
| #define HAVE_DLFCN_H 1
| #define LT_OBJDIR ".libs/"
| /* end confdefs.h.  */
| 
|   template <typename T>
|     struct check
|     {
|       static_assert(sizeof(int) <= sizeof(T), "not big enough");
|     };
| 
|     struct Base {
|     virtual void f() {}
|     };
|     struct Child : public Base {
|     virtual void f() override {}
|     };
| 
|     typedef check<check<bool>> right_angle_brackets;
| 
|     int a;
|     decltype(a) b;
| 
|     typedef check<int> check_type;
|     check_type c;
|     check_type&& cr = static_cast<check_type&&>(c);
| 
|     auto d = a;
|     auto l = [](){};
| 
configure:15461: result: no
configure:15470: checking whether g++ supports C++11 features with -std=gnu++11
configure:15506: g++ -c  -std=gnu++11  conftest.cpp >&5
configure:15506: $? = 0
configure:15515: result: yes
configure:15608: checking for ANSI C header files
configure:15712: result: yes
configure:15769: checking for boostlib >= 1.0
configure:15838: g++ -c  -std=gnu++11  -I/usr/local/include conftest.cpp >&5
configure:15838: $? = 0
configure:15840: result: yes
configure:16018: checking whether the Boost::Program_Options library is available
configure:16042: g++ -c  -std=gnu++11  -I/usr/local/include conftest.cpp >&5
configure:16042: $? = 0
configure:16056: result: yes
configure:16067: checking for exit in -lboost_program_options-mt
configure:16092: g++ -o conftest  -std=gnu++11  -I/usr/local/include  -L/usr/local/lib conftest.cpp -lboost_program_options-mt   >&5
configure:16092: $? = 0
configure:16102: result: yes
configure:16217: checking if zlib is wanted
configure:16238: result: yes
configure:16425: checking for pthread_join in LIBS=-lpthread with CFLAGS=
configure:16445: gcc -o conftest -g -O2    conftest.c -lpthread  >&5
configure:16445: $? = 0
configure:16450: result: yes
configure:16637: checking for joinable pthread attribute
configure:16652: gcc -o conftest -g -O2    conftest.c -lpthread  >&5
configure:16652: $? = 0
configure:16658: result: PTHREAD_CREATE_JOINABLE
configure:16668: checking if more special flags are required for pthreads
configure:16682: result: -D_THREAD_SAFE
configure:16688: checking for PTHREAD_PRIO_INHERIT
configure:16706: gcc -o conftest -g -O2    conftest.c -lpthread  >&5
configure:16706: $? = 0
configure:16715: result: yes
configure:17008: checking that generated files are newer than configure
configure:17014: result: done
configure:17065: creating ./config.status

## ---------------------- ##
## Running config.status. ##
## ---------------------- ##

This file was extended by vowpal_wabbit config.status 8.2.1, which was
generated by GNU Autoconf 2.69.  Invocation command line was

  CONFIG_FILES    = 
  CONFIG_HEADERS  = 
  CONFIG_LINKS    = 
  CONFIG_COMMANDS = 
  $ ./config.status 

on Scotts-MBP

config.status:1173: creating Makefile
config.status:1173: creating vowpalwabbit/Makefile
config.status:1173: creating cluster/Makefile
config.status:1173: creating library/Makefile
config.status:1173: creating libvw.pc
config.status:1173: creating libvw_c_wrapper.pc
config.status:1173: creating vowpalwabbit/config.h
config.status:1402: executing depfiles commands
config.status:1402: executing libtool commands

## ---------------- ##
## Cache variables. ##
## ---------------- ##

ac_cv_build=x86_64-apple-darwin15.6.0
ac_cv_c_compiler_gnu=yes
ac_cv_cxx_compiler_gnu=yes
ac_cv_env_CCC_set=
ac_cv_env_CCC_value=
ac_cv_env_CC_set=
ac_cv_env_CC_value=
ac_cv_env_CFLAGS_set=
ac_cv_env_CFLAGS_value=
ac_cv_env_CPPFLAGS_set=
ac_cv_env_CPPFLAGS_value=
ac_cv_env_CPP_set=
ac_cv_env_CPP_value=
ac_cv_env_CXXCPP_set=
ac_cv_env_CXXCPP_value=
ac_cv_env_CXXFLAGS_set=
ac_cv_env_CXXFLAGS_value=
ac_cv_env_CXX_set=
ac_cv_env_CXX_value=
ac_cv_env_LDFLAGS_set=
ac_cv_env_LDFLAGS_value=
ac_cv_env_LIBS_set=
ac_cv_env_LIBS_value=
ac_cv_env_build_alias_set=
ac_cv_env_build_alias_value=
ac_cv_env_host_alias_set=
ac_cv_env_host_alias_value=
ac_cv_env_target_alias_set=
ac_cv_env_target_alias_value=
ac_cv_header_dlfcn_h=yes
ac_cv_header_inttypes_h=yes
ac_cv_header_memory_h=yes
ac_cv_header_stdc=yes
ac_cv_header_stdint_h=yes
ac_cv_header_stdlib_h=yes
ac_cv_header_string_h=yes
ac_cv_header_strings_h=yes
ac_cv_header_sys_stat_h=yes
ac_cv_header_sys_types_h=yes
ac_cv_header_unistd_h=yes
ac_cv_host=x86_64-apple-darwin15.6.0
ac_cv_lib_boost_program_options_mt___exit=yes
ac_cv_objext=o
ac_cv_path_EGREP='/usr/bin/grep -E'
ac_cv_path_FGREP='/usr/bin/grep -F'
ac_cv_path_GREP=/usr/bin/grep
ac_cv_path_SED=/usr/local/bin/gsed
ac_cv_path_install='/usr/bin/install -c'
ac_cv_prog_AWK=awk
ac_cv_prog_CPP='gcc -E'
ac_cv_prog_CXXCPP='g++ -E'
ac_cv_prog_ac_ct_AR=ar
ac_cv_prog_ac_ct_CC=gcc
ac_cv_prog_ac_ct_CXX=g++
ac_cv_prog_ac_ct_DSYMUTIL=dsymutil
ac_cv_prog_ac_ct_LIPO=lipo
ac_cv_prog_ac_ct_NMEDIT=nmedit
ac_cv_prog_ac_ct_OTOOL=otool
ac_cv_prog_ac_ct_RANLIB=ranlib
ac_cv_prog_ac_ct_STRIP=strip
ac_cv_prog_cc_c89=
ac_cv_prog_cc_g=yes
ac_cv_prog_cxx_g=yes
ac_cv_prog_make_make_set=yes
am_cv_CC_dependencies_compiler_type=gcc3
am_cv_CXX_dependencies_compiler_type=gcc3
am_cv_make_support_nested_variables=yes
am_cv_prog_cc_c_o=yes
ax_cv_PTHREAD_PRIO_INHERIT=yes
ax_cv_boost_program_options=yes
ax_cv_cxx_compile_cxx11=no
ax_cv_cxx_compile_cxx11__std_gnupp11=yes
lt_cv_apple_cc_single_mod=yes
lt_cv_ar_at_file=no
lt_cv_deplibs_check_method=pass_all
lt_cv_file_magic_cmd='$MAGIC_CMD'
lt_cv_file_magic_test_file=
lt_cv_ld_exported_symbols_list=yes
lt_cv_ld_force_load=yes
lt_cv_ld_reload_flag=-r
lt_cv_nm_interface='BSD nm'
lt_cv_objdir=.libs
lt_cv_path_LD=/Applications/Xcode.app/Contents/Developer/Toolchains/XcodeDefault.xctoolchain/usr/bin/ld
lt_cv_path_LDCXX=/Applications/Xcode.app/Contents/Developer/Toolchains/XcodeDefault.xctoolchain/usr/bin/ld
lt_cv_path_NM='/usr/bin/nm -B'
lt_cv_path_mainfest_tool=no
lt_cv_prog_compiler_c_o=yes
lt_cv_prog_compiler_c_o_CXX=yes
lt_cv_prog_compiler_pic='-fno-common -DPIC'
lt_cv_prog_compiler_pic_CXX='-fno-common -DPIC'
lt_cv_prog_compiler_pic_works=yes
lt_cv_prog_compiler_pic_works_CXX=yes
lt_cv_prog_compiler_rtti_exceptions=yes
lt_cv_prog_compiler_static_works=no
lt_cv_prog_compiler_static_works_CXX=no
lt_cv_prog_gnu_ld=no
lt_cv_prog_gnu_ldcxx=no
lt_cv_sharedlib_from_linklib_cmd='printf %s\n'
lt_cv_sys_global_symbol_pipe='sed -n -e '\''s/^.*[	 ]\([BCDEGRST][BCDEGRST]*\)[	 ][	 ]*_\([_A-Za-z][_A-Za-z0-9]*\)$/\1 _\2 \2/p'\'' | sed '\''/ __gnu_lto/d'\'''
lt_cv_sys_global_symbol_to_c_name_address='sed -n -e '\''s/^: \([^ ]*\)[ ]*$/  {\"\1\", (void *) 0},/p'\'' -e '\''s/^[BCDEGRST]* \([^ ]*\) \([^ ]*\)$/  {"\2", (void *) \&\2},/p'\'''
lt_cv_sys_global_symbol_to_c_name_address_lib_prefix='sed -n -e '\''s/^: \([^ ]*\)[ ]*$/  {\"\1\", (void *) 0},/p'\'' -e '\''s/^[BCDEGRST]* \([^ ]*\) \(lib[^ ]*\)$/  {"\2", (void *) \&\2},/p'\'' -e '\''s/^[BCDEGRST]* \([^ ]*\) \([^ ]*\)$/  {"lib\2", (void *) \&\2},/p'\'''
lt_cv_sys_global_symbol_to_cdecl='sed -n -e '\''s/^T .* \(.*\)$/extern int \1();/p'\'' -e '\''s/^[BCDEGRST]* .* \(.*\)$/extern char \1;/p'\'''
lt_cv_sys_max_cmd_len=196608
lt_cv_to_host_file_cmd=func_convert_file_noop
lt_cv_to_tool_file_cmd=func_convert_file_noop

## ----------------- ##
## Output variables. ##
## ----------------- ##

ACLOCAL='${SHELL} /tmp/vowpal_wabbit/missing aclocal-1.14'
AMDEPBACKSLASH='\'
AMDEP_FALSE='#'
AMDEP_TRUE=''
AMTAR='$${TAR-tar}'
AM_BACKSLASH='\'
AM_DEFAULT_V='$(AM_DEFAULT_VERBOSITY)'
AM_DEFAULT_VERBOSITY='1'
AM_V='$(V)'
AR='ar'
AUTOCONF='${SHELL} /tmp/vowpal_wabbit/missing autoconf'
AUTOHEADER='${SHELL} /tmp/vowpal_wabbit/missing autoheader'
AUTOMAKE='${SHELL} /tmp/vowpal_wabbit/missing automake-1.14'
AWK='awk'
BOOST_CPPFLAGS='-I/usr/local/include'
BOOST_LDFLAGS='-L/usr/local/lib'
BOOST_PROGRAM_OPTIONS_LIB='-lboost_program_options-mt'
CC='gcc'
CCDEPMODE='depmode=gcc3'
CFLAGS='-g -O2'
CLANG_LIBCXX_FALSE=''
CLANG_LIBCXX_TRUE='#'
CPP='gcc -E'
CPPFLAGS=''
CXX='g++'
CXXCPP='g++ -E'
CXXDEPMODE='depmode=gcc3'
CXXFLAGS=' -std=gnu++11'
CYGPATH_W='echo'
DEFS='-DHAVE_CONFIG_H'
DEPDIR='.deps'
DLLTOOL='false'
DSYMUTIL='dsymutil'
DUMPBIN=''
ECHO_C='\c'
ECHO_N=''
ECHO_T=''
EGREP='/usr/bin/grep -E'
EXEEXT=''
FGREP='/usr/bin/grep -F'
FREEBSD_FALSE=''
FREEBSD_TRUE='#'
GREP='/usr/bin/grep'
HAVE_CXX11=''
INSTALL_DATA='${INSTALL} -m 644'
INSTALL_PROGRAM='${INSTALL}'
INSTALL_SCRIPT='${INSTALL}'
INSTALL_STRIP_PROGRAM='$(install_sh) -c -s'
LD='/Applications/Xcode.app/Contents/Developer/Toolchains/XcodeDefault.xctoolchain/usr/bin/ld'
LDFLAGS=''
LIBOBJS=''
LIBS=''
LIBTOOL='$(SHELL) $(top_builddir)/libtool'
LIPO='lipo'
LN_S='ln -s'
LTLIBOBJS=''
MAKEINFO='${SHELL} /tmp/vowpal_wabbit/missing makeinfo'
MANIFEST_TOOL=':'
MKDIR_P='./install-sh -c -d'
NITPICK_FALSE=''
NITPICK_TRUE='#'
NM='/usr/bin/nm -B'
NMEDIT='nmedit'
OBJDUMP='false'
OBJEXT='o'
OTOOL64=':'
OTOOL='otool'
PACKAGE='vowpal_wabbit'
PACKAGE_BUGREPORT='jl@hunch.net'
PACKAGE_NAME='vowpal_wabbit'
PACKAGE_STRING='vowpal_wabbit 8.2.1'
PACKAGE_TARNAME='vowpal_wabbit'
PACKAGE_URL='https://github.com/JohnLangford/vowpal_wabbit'
PACKAGE_VERSION='8.2.1'
PARALLELIZE_FALSE=''
PARALLELIZE_TRUE='#'
PATH_SEPARATOR=':'
PROFILE_FALSE=''
PROFILE_TRUE='#'
PTHREAD_CC='gcc'
PTHREAD_CFLAGS='-D_THREAD_SAFE '
PTHREAD_LIBS='-lpthread'
RANLIB='ranlib'
SED='/usr/local/bin/gsed'
SET_MAKE=''
SHELL='/bin/sh'
STRIP='strip'
VERSION='8.2.1'
VWBUG_FALSE=''
VWBUG_TRUE='#'
ZLIB_CPPFLAGS='-I/include'
ZLIB_LDFLAGS='-L/lib -lz'
ac_ct_AR='ar'
ac_ct_CC='gcc'
ac_ct_CXX='g++'
ac_ct_DUMPBIN=''
am__EXEEXT_FALSE=''
am__EXEEXT_TRUE='#'
am__fastdepCC_FALSE='#'
am__fastdepCC_TRUE=''
am__fastdepCXX_FALSE='#'
am__fastdepCXX_TRUE=''
am__include='include'
am__isrc=''
am__leading_dot='.'
am__nodep='_no'
am__quote=''
am__tar='$${TAR-tar} chof - "$$tardir"'
am__untar='$${TAR-tar} xf -'
ax_pthread_config=''
bindir='${exec_prefix}/bin'
build='x86_64-apple-darwin15.6.0'
build_alias=''
build_cpu='x86_64'
build_os='darwin15.6.0'
build_vendor='apple'
datadir='${datarootdir}'
datarootdir='${prefix}/share'
docdir='${datarootdir}/doc/${PACKAGE_TARNAME}'
dvidir='${docdir}'
exec_prefix='${prefix}'
host='x86_64-apple-darwin15.6.0'
host_alias=''
host_cpu='x86_64'
host_os='darwin15.6.0'
host_vendor='apple'
htmldir='${docdir}'
includedir='${prefix}/include'
infodir='${datarootdir}/info'
install_sh='${SHELL} /tmp/vowpal_wabbit/install-sh'
libdir='${exec_prefix}/lib'
libexecdir='${exec_prefix}/libexec'
localedir='${datarootdir}/locale'
localstatedir='${prefix}/var'
mandir='${datarootdir}/man'
mkdir_p='$(MKDIR_P)'
oldincludedir='/usr/include'
pdfdir='${docdir}'
prefix='/usr/local'
program_transform_name='s,x,x,'
psdir='${docdir}'
sbindir='${exec_prefix}/sbin'
sharedstatedir='${prefix}/com'
sysconfdir='${prefix}/etc'
target_alias=''

## ----------- ##
## confdefs.h. ##
## ----------- ##

/* confdefs.h */
#define PACKAGE_NAME "vowpal_wabbit"
#define PACKAGE_TARNAME "vowpal_wabbit"
#define PACKAGE_VERSION "8.2.1"
#define PACKAGE_STRING "vowpal_wabbit 8.2.1"
#define PACKAGE_BUGREPORT "jl@hunch.net"
#define PACKAGE_URL "https://github.com/JohnLangford/vowpal_wabbit"
#define PACKAGE "vowpal_wabbit"
#define VERSION "8.2.1"
#define STDC_HEADERS 1
#define HAVE_SYS_TYPES_H 1
#define HAVE_SYS_STAT_H 1
#define HAVE_STDLIB_H 1
#define HAVE_STRING_H 1
#define HAVE_MEMORY_H 1
#define HAVE_STRINGS_H 1
#define HAVE_INTTYPES_H 1
#define HAVE_STDINT_H 1
#define HAVE_UNISTD_H 1
#define HAVE_DLFCN_H 1
#define LT_OBJDIR ".libs/"
#define STDC_HEADERS 1
#define HAVE_BOOST /**/
#define HAVE_BOOST_PROGRAM_OPTIONS /**/
#define HAVE_PTHREAD_PRIO_INHERIT 1
#define HAVE_PTHREAD 1

configure: exit 0
