This is pdfTeX, Version 3.14159265-2.6-1.40.17 (TeX Live 2016) (preloaded format=pdflatex 2016.5.22)  27 JUN 2016 22:08
entering extended mode
 restricted \write18 enabled.
 %&-line parsing enabled.
**pySOT.tex
(./pySOT.tex
LaTeX2e <2016/03/31>
Babel <3.9r> and hyphenation patterns for 83 language(s) loaded.
(/usr/local/texlive/2016/texmf-dist/tex/latex/base/article.cls
Document Class: article 2014/09/29 v1.4h Standard LaTeX document class
(/usr/local/texlive/2016/texmf-dist/tex/latex/base/size10.clo
File: size10.clo 2014/09/29 v1.4h Standard LaTeX file (size option)
)
\c@part=\count79
\c@section=\count80
\c@subsection=\count81
\c@subsubsection=\count82
\c@paragraph=\count83
\c@subparagraph=\count84
\c@figure=\count85
\c@table=\count86
\abovecaptionskip=\skip41
\belowcaptionskip=\skip42
\bibindent=\dimen102
)
(/usr/local/texlive/2016/texmf-dist/tex/latex/amsmath/amsmath.sty
Package: amsmath 2016/03/10 v2.15b AMS math features
\@mathmargin=\skip43

For additional information on amsmath, use the `?' option.
(/usr/local/texlive/2016/texmf-dist/tex/latex/amsmath/amstext.sty
Package: amstext 2000/06/29 v2.01 AMS text

(/usr/local/texlive/2016/texmf-dist/tex/latex/amsmath/amsgen.sty
File: amsgen.sty 1999/11/30 v2.0 generic functions
\@emptytoks=\toks14
\ex@=\dimen103
))
(/usr/local/texlive/2016/texmf-dist/tex/latex/amsmath/amsbsy.sty
Package: amsbsy 1999/11/29 v1.2d Bold Symbols
\pmbraise@=\dimen104
)
(/usr/local/texlive/2016/texmf-dist/tex/latex/amsmath/amsopn.sty
Package: amsopn 2016/03/08 v2.02 operator names
)
\inf@bad=\count87
LaTeX Info: Redefining \frac on input line 199.
\uproot@=\count88
\leftroot@=\count89
LaTeX Info: Redefining \overline on input line 297.
\classnum@=\count90
\DOTSCASE@=\count91
LaTeX Info: Redefining \ldots on input line 394.
LaTeX Info: Redefining \dots on input line 397.
LaTeX Info: Redefining \cdots on input line 518.
\Mathstrutbox@=\box26
\strutbox@=\box27
\big@size=\dimen105
LaTeX Font Info:    Redeclaring font encoding OML on input line 634.
LaTeX Font Info:    Redeclaring font encoding OMS on input line 635.
\macc@depth=\count92
\c@MaxMatrixCols=\count93
\dotsspace@=\muskip10
\c@parentequation=\count94
\dspbrk@lvl=\count95
\tag@help=\toks15
\row@=\count96
\column@=\count97
\maxfields@=\count98
\andhelp@=\toks16
\eqnshift@=\dimen106
\alignsep@=\dimen107
\tagshift@=\dimen108
\tagwidth@=\dimen109
\totwidth@=\dimen110
\lineht@=\dimen111
\@envbody=\toks17
\multlinegap=\skip44
\multlinetaggap=\skip45
\mathdisplay@stack=\toks18
LaTeX Info: Redefining \[ on input line 2739.
LaTeX Info: Redefining \] on input line 2740.
)
(/usr/local/texlive/2016/texmf-dist/tex/latex/amsfonts/amssymb.sty
Package: amssymb 2013/01/14 v3.01 AMS font symbols

(/usr/local/texlive/2016/texmf-dist/tex/latex/amsfonts/amsfonts.sty
Package: amsfonts 2013/01/14 v3.01 Basic AMSFonts support
\symAMSa=\mathgroup4
\symAMSb=\mathgroup5
LaTeX Font Info:    Overwriting math alphabet `\mathfrak' in version `bold'
(Font)                  U/euf/m/n --> U/euf/b/n on input line 106.
))
(/usr/local/texlive/2016/texmf-dist/tex/latex/amscls/amsthm.sty
Package: amsthm 2015/03/04 v2.20.2
\thm@style=\toks19
\thm@bodyfont=\toks20
\thm@headfont=\toks21
\thm@notefont=\toks22
\thm@headpunct=\toks23
\thm@preskip=\skip46
\thm@postskip=\skip47
\thm@headsep=\skip48
\dth@everypar=\toks24
)
\c@thm=\count99

(/usr/local/texlive/2016/texmf-dist/tex/latex/lettrine/lettrine.sty
File: lettrine.sty 2015/08/31 v1.9 (Daniel Flipo)

(/usr/local/texlive/2016/texmf-dist/tex/latex/graphics/keyval.sty
Package: keyval 2014/10/28 v1.15 key=value parser (DPC)
\KV@toks@=\toks25
)
\c@DefaultLines=\count100
\c@DefaultDepth=\count101
\DefaultFindent=\dimen112
\DefaultNindent=\dimen113
\DefaultSlope=\dimen114
\DiscardVskip=\dimen115
\L@lbox=\box28
\L@tbox=\box29
\c@L@lines=\count102
\c@L@depth=\count103
\L@Pindent=\dimen116
\L@Findent=\dimen117
\L@Nindent=\dimen118
\L@lraise=\dimen119
\L@first=\dimen120
\L@next=\dimen121
\L@slope=\dimen122
\L@height=\dimen123
\L@novskip=\dimen124
\LettrineWidth=\dimen125
\LettrineHeight=\dimen126
\LettrineDepth=\dimen127

Loading lettrine.cfg
(/usr/local/texlive/2016/texmf-dist/tex/latex/lettrine/lettrine.cfg))
(/usr/local/texlive/2016/texmf-dist/tex/latex/graphics/graphicx.sty
Package: graphicx 2014/10/28 v1.0g Enhanced LaTeX Graphics (DPC,SPQR)

(/usr/local/texlive/2016/texmf-dist/tex/latex/graphics/graphics.sty
Package: graphics 2016/05/09 v1.0r Standard LaTeX Graphics (DPC,SPQR)

(/usr/local/texlive/2016/texmf-dist/tex/latex/graphics/trig.sty
Package: trig 2016/01/03 v1.10 sin cos tan (DPC)
)
(/usr/local/texlive/2016/texmf-dist/tex/latex/graphics-cfg/graphics.cfg
File: graphics.cfg 2016/01/02 v1.10 sample graphics configuration
)
Package graphics Info: Driver file: pdftex.def on input line 96.

(/usr/local/texlive/2016/texmf-dist/tex/latex/pdftex-def/pdftex.def
File: pdftex.def 2011/05/27 v0.06d Graphics/color for pdfTeX

(/usr/local/texlive/2016/texmf-dist/tex/generic/oberdiek/infwarerr.sty
Package: infwarerr 2016/05/16 v1.4 Providing info/warning/error messages (HO)
)
(/usr/local/texlive/2016/texmf-dist/tex/generic/oberdiek/ltxcmds.sty
Package: ltxcmds 2016/05/16 v1.23 LaTeX kernel commands for general use (HO)
)
\Gread@gobject=\count104
))
\Gin@req@height=\dimen128
\Gin@req@width=\dimen129
)
(/usr/local/texlive/2016/texmf-dist/tex/latex/base/inputenc.sty
Package: inputenc 2015/03/17 v1.2c Input encoding file
\inpenc@prehook=\toks26
\inpenc@posthook=\toks27

(/usr/local/texlive/2016/texmf-dist/tex/latex/base/latin1.def
File: latin1.def 2015/03/17 v1.2c Input encoding file
))
(/usr/local/texlive/2016/texmf-dist/tex/latex/oberdiek/epstopdf.sty
Package: epstopdf 2016/05/15 v2.6 Conversion with epstopdf on the fly (HO)

(/usr/local/texlive/2016/texmf-dist/tex/latex/oberdiek/epstopdf-base.sty
Package: epstopdf-base 2016/05/15 v2.6 Base part for package epstopdf

(/usr/local/texlive/2016/texmf-dist/tex/latex/oberdiek/grfext.sty
Package: grfext 2016/05/16 v1.2 Manage graphics extensions (HO)

(/usr/local/texlive/2016/texmf-dist/tex/generic/oberdiek/kvdefinekeys.sty
Package: kvdefinekeys 2016/05/16 v1.4 Define keys (HO)
))
(/usr/local/texlive/2016/texmf-dist/tex/latex/oberdiek/kvoptions.sty
Package: kvoptions 2016/05/16 v3.12 Key value format for package options (HO)

(/usr/local/texlive/2016/texmf-dist/tex/generic/oberdiek/kvsetkeys.sty
Package: kvsetkeys 2016/05/16 v1.17 Key value parser (HO)

(/usr/local/texlive/2016/texmf-dist/tex/generic/oberdiek/etexcmds.sty
Package: etexcmds 2016/05/16 v1.6 Avoid name clashes with e-TeX commands (HO)

(/usr/local/texlive/2016/texmf-dist/tex/generic/oberdiek/ifluatex.sty
Package: ifluatex 2016/05/16 v1.4 Provides the ifluatex switch (HO)
Package ifluatex Info: LuaTeX not detected.
)
Package etexcmds Info: Could not find \expanded.
(etexcmds)             That can mean that you are not using pdfTeX 1.50 or
(etexcmds)             that some package has redefined \expanded.
(etexcmds)             In the latter case, load this package earlier.
)))
(/usr/local/texlive/2016/texmf-dist/tex/generic/oberdiek/pdftexcmds.sty
Package: pdftexcmds 2016/05/21 v0.22 Utility functions of pdfTeX for LuaTeX (HO
)

(/usr/local/texlive/2016/texmf-dist/tex/generic/oberdiek/ifpdf.sty
Package: ifpdf 2016/05/14 v3.1 Provides the ifpdf switch
)
Package pdftexcmds Info: LuaTeX not detected.
Package pdftexcmds Info: \pdf@primitive is available.
Package pdftexcmds Info: \pdf@ifprimitive is available.
Package pdftexcmds Info: \pdfdraftmode found.
)
Package grfext Info: Graphics extension search list:
(grfext)             [.png,.pdf,.jpg,.mps,.jpeg,.jbig2,.jb2,.PNG,.PDF,.JPG,.JPE
G,.JBIG2,.JB2,.eps]
(grfext)             \AppendGraphicsExtensions on input line 456.

(/usr/local/texlive/2016/texmf-dist/tex/latex/latexconfig/epstopdf-sys.cfg
File: epstopdf-sys.cfg 2010/07/13 v1.3 Configuration of (r)epstopdf for TeX Liv
e
)))
(/usr/local/texlive/2016/texmf-dist/tex/latex/hyperref/hyperref.sty
Package: hyperref 2016/05/21 v6.83p Hypertext links for LaTeX

(/usr/local/texlive/2016/texmf-dist/tex/generic/oberdiek/hobsub-hyperref.sty
Package: hobsub-hyperref 2016/05/16 v1.14 Bundle oberdiek, subset hyperref (HO)


(/usr/local/texlive/2016/texmf-dist/tex/generic/oberdiek/hobsub-generic.sty
Package: hobsub-generic 2016/05/16 v1.14 Bundle oberdiek, subset generic (HO)
Package: hobsub 2016/05/16 v1.14 Construct package bundles (HO)
Package hobsub Info: Skipping package `infwarerr' (already loaded).
Package hobsub Info: Skipping package `ltxcmds' (already loaded).
Package hobsub Info: Skipping package `ifluatex' (already loaded).
Package: ifvtex 2016/05/16 v1.6 Detect VTeX and its facilities (HO)
Package ifvtex Info: VTeX not detected.
Package: intcalc 2016/05/16 v1.2 Expandable calculations with integers (HO)
Package hobsub Info: Skipping package `ifpdf' (already loaded).
Package hobsub Info: Skipping package `etexcmds' (already loaded).
Package hobsub Info: Skipping package `kvsetkeys' (already loaded).
Package hobsub Info: Skipping package `kvdefinekeys' (already loaded).
Package hobsub Info: Skipping package `pdftexcmds' (already loaded).
Package: pdfescape 2016/05/16 v1.14 Implements pdfTeX's escape features (HO)
Package: bigintcalc 2016/05/16 v1.4 Expandable calculations on big integers (HO
)
Package: bitset 2016/05/16 v1.2 Handle bit-vector datatype (HO)
Package: uniquecounter 2016/05/16 v1.3 Provide unlimited unique counter (HO)
)
Package hobsub Info: Skipping package `hobsub' (already loaded).
Package: letltxmacro 2016/05/16 v1.5 Let assignment for LaTeX macros (HO)
Package: hopatch 2016/05/16 v1.3 Wrapper for package hooks (HO)
Package: xcolor-patch 2016/05/16 xcolor patch
Package: atveryend 2016/05/16 v1.9 Hooks at the very end of document (HO)
Package atveryend Info: \enddocument detected (standard20110627).
Package: atbegshi 2016/06/09 v1.18 At begin shipout hook (HO)
Package: refcount 2016/05/16 v3.5 Data extraction from label references (HO)
Package: hycolor 2016/05/16 v1.8 Color options for hyperref/bookmark (HO)
)
(/usr/local/texlive/2016/texmf-dist/tex/generic/ifxetex/ifxetex.sty
Package: ifxetex 2010/09/12 v0.6 Provides ifxetex conditional
)
(/usr/local/texlive/2016/texmf-dist/tex/latex/oberdiek/auxhook.sty
Package: auxhook 2016/05/16 v1.4 Hooks for auxiliary files (HO)
)
\@linkdim=\dimen130
\Hy@linkcounter=\count105
\Hy@pagecounter=\count106

(/usr/local/texlive/2016/texmf-dist/tex/latex/hyperref/pd1enc.def
File: pd1enc.def 2016/05/21 v6.83p Hyperref: PDFDocEncoding definition (HO)
)
\Hy@SavedSpaceFactor=\count107

(/usr/local/texlive/2016/texmf-dist/tex/latex/latexconfig/hyperref.cfg
File: hyperref.cfg 2002/06/06 v1.2 hyperref configuration of TeXLive
)
Package hyperref Info: Hyper figures OFF on input line 4486.
Package hyperref Info: Link nesting OFF on input line 4491.
Package hyperref Info: Hyper index ON on input line 4494.
Package hyperref Info: Plain pages OFF on input line 4501.
Package hyperref Info: Backreferencing OFF on input line 4506.
Package hyperref Info: Implicit mode ON; LaTeX internals redefined.
Package hyperref Info: Bookmarks ON on input line 4735.
\c@Hy@tempcnt=\count108

(/usr/local/texlive/2016/texmf-dist/tex/latex/url/url.sty
\Urlmuskip=\muskip11
Package: url 2013/09/16  ver 3.4  Verb mode for urls, etc.
)
LaTeX Info: Redefining \url on input line 5088.
\XeTeXLinkMargin=\dimen131
\Fld@menulength=\count109
\Field@Width=\dimen132
\Fld@charsize=\dimen133
Package hyperref Info: Hyper figures OFF on input line 6342.
Package hyperref Info: Link nesting OFF on input line 6347.
Package hyperref Info: Hyper index ON on input line 6350.
Package hyperref Info: backreferencing OFF on input line 6357.
Package hyperref Info: Link coloring OFF on input line 6362.
Package hyperref Info: Link coloring with OCG OFF on input line 6367.
Package hyperref Info: PDF/A mode OFF on input line 6372.
LaTeX Info: Redefining \ref on input line 6412.
LaTeX Info: Redefining \pageref on input line 6416.
\Hy@abspage=\count110
\c@Item=\count111
\c@Hfootnote=\count112
)

Package hyperref Message: Driver (autodetected): hpdftex.

(/usr/local/texlive/2016/texmf-dist/tex/latex/hyperref/hpdftex.def
File: hpdftex.def 2016/05/21 v6.83p Hyperref driver for pdfTeX
\Fld@listcount=\count113
\c@bookmark@seq@number=\count114

(/usr/local/texlive/2016/texmf-dist/tex/latex/oberdiek/rerunfilecheck.sty
Package: rerunfilecheck 2016/05/16 v1.8 Rerun checks for auxiliary files (HO)
Package uniquecounter Info: New unique counter `rerunfilecheck' on input line 2
82.
)
\Hy@SectionHShift=\skip49
)
(/usr/local/texlive/2016/texmf-dist/tex/latex/placeins/placeins.sty
Package: placeins 2005/04/18  v 2.2
)
(/usr/local/texlive/2016/texmf-dist/tex/latex/bigints/bigints.sty
Package: bigints 2010/02/15 Writing big integrals
Package bigints Info: This is Bigints by Merciadri Luca. on input line 5.
)
(/usr/local/texlive/2016/texmf-dist/tex/latex/was/gensymb.sty
Package: gensymb 2003/07/02 v1.0 (WaS)
)
(/usr/local/texlive/2016/texmf-dist/tex/latex/float/float.sty
Package: float 2001/11/08 v1.3d Float enhancements (AL)
\c@float@type=\count115
\float@exts=\toks28
\float@box=\box30
\@float@everytoks=\toks29
\@floatcapt=\box31
)
(/usr/local/texlive/2016/texmf-dist/tex/latex/graphics/color.sty
Package: color 2016/05/09 v1.1c Standard LaTeX Color (DPC)

(/usr/local/texlive/2016/texmf-dist/tex/latex/graphics-cfg/color.cfg
File: color.cfg 2016/01/02 v1.6 sample color configuration
)
Package color Info: Driver file: pdftex.def on input line 144.
)
(/usr/local/texlive/2016/texmf-dist/tex/latex/geometry/geometry.sty
Package: geometry 2010/09/12 v5.6 Page Geometry
\Gm@cnth=\count116
\Gm@cntv=\count117
\c@Gm@tempcnt=\count118
\Gm@bindingoffset=\dimen134
\Gm@wd@mp=\dimen135
\Gm@odd@mp=\dimen136
\Gm@even@mp=\dimen137
\Gm@layoutwidth=\dimen138
\Gm@layoutheight=\dimen139
\Gm@layouthoffset=\dimen140
\Gm@layoutvoffset=\dimen141
\Gm@dimlist=\toks30
)
(/usr/local/texlive/2016/texmf-dist/tex/latex/caption/caption.sty
Package: caption 2016/02/21 v3.3-144 Customizing captions (AR)

(/usr/local/texlive/2016/texmf-dist/tex/latex/caption/caption3.sty
Package: caption3 2016/05/22 v1.7-166 caption3 kernel (AR)
Package caption3 Info: TeX engine: e-TeX on input line 67.
\captionmargin=\dimen142
\captionmargin@=\dimen143
\captionwidth=\dimen144
\caption@tempdima=\dimen145
\caption@indent=\dimen146
\caption@parindent=\dimen147
\caption@hangindent=\dimen148
)
\c@ContinuedFloat=\count119
Package caption Info: float package is loaded.
Package caption Info: hyperref package is loaded.
)
(/usr/local/texlive/2016/texmf-dist/tex/latex/paralist/paralist.sty
Package: paralist 2015/12/30 v2.5 Extended list environments
\pltopsep=\skip50
\plpartopsep=\skip51
\plitemsep=\skip52
\plparsep=\skip53
\pl@lab=\toks31
)
(/usr/local/texlive/2016/texmf-dist/tex/latex/tools/multicol.sty
Package: multicol 2016/04/07 v1.8p multicolumn formatting (FMi)
\c@tracingmulticols=\count120
\mult@box=\box32
\multicol@leftmargin=\dimen149
\c@unbalance=\count121
\c@collectmore=\count122
\doublecol@number=\count123
\multicoltolerance=\count124
\multicolpretolerance=\count125
\full@width=\dimen150
\page@free=\dimen151
\premulticols=\dimen152
\postmulticols=\dimen153
\multicolsep=\skip54
\multicolbaselineskip=\skip55
\partial@page=\box33
\last@line=\box34
\maxbalancingoverflow=\dimen154
\mult@rightbox=\box35
\mult@grightbox=\box36
\mult@gfirstbox=\box37
\mult@firstbox=\box38
\@tempa=\box39
\@tempa=\box40
\@tempa=\box41
\@tempa=\box42
\@tempa=\box43
\@tempa=\box44
\@tempa=\box45
\@tempa=\box46
\@tempa=\box47
\@tempa=\box48
\@tempa=\box49
\@tempa=\box50
\@tempa=\box51
\@tempa=\box52
\@tempa=\box53
\@tempa=\box54
\@tempa=\box55
\c@columnbadness=\count126
\c@finalcolumnbadness=\count127
\last@try=\dimen155
\multicolovershoot=\dimen156
\multicolundershoot=\dimen157
\mult@nat@firstbox=\box56
\colbreak@box=\box57
\mc@col@check@num=\count128
)
(/usr/local/texlive/2016/texmf-dist/tex/latex/datetime/datetime.sty
Package: datetime 2015/03/20 v2.60 Date Time Package

(/usr/local/texlive/2016/texmf-dist/tex/latex/etoolbox/etoolbox.sty
Package: etoolbox 2015/08/02 v2.2a e-TeX tools for LaTeX (JAW)
\etb@tempcnta=\count129
)
(/usr/local/texlive/2016/texmf-dist/tex/latex/fmtcount/fmtcount.sty
Package: fmtcount 2015/05/05 v3.01

(/usr/local/texlive/2016/texmf-dist/tex/latex/base/ifthen.sty
Package: ifthen 2014/09/29 v1.1c Standard LaTeX ifthen package (DPC)
)
(/usr/local/texlive/2016/texmf-dist/tex/latex/xkeyval/xkeyval.sty
Package: xkeyval 2014/12/03 v2.7a package option processing (HA)

(/usr/local/texlive/2016/texmf-dist/tex/generic/xkeyval/xkeyval.tex
(/usr/local/texlive/2016/texmf-dist/tex/generic/xkeyval/xkvutils.tex
\XKV@toks=\toks32
\XKV@tempa@toks=\toks33
)
\XKV@depth=\count130
File: xkeyval.tex 2014/12/03 v2.7a key=value parser (HA)
))
(/usr/local/texlive/2016/texmf-dist/tex/latex/fmtcount/fcprefix.sty
Package: fcprefix 2012/09/28

(/usr/local/texlive/2016/texmf-dist/tex/latex/fmtcount/fcnumparser.sty
Package: fcnumparser 2012/09/28
\fc@digit@counter=\count131
))
\c@padzeroesN=\count132
\fc@tmpcatcode=\count133
\@DT@modctr=\count134
\@ordinalctr=\count135
\@orgargctr=\count136
\@strctr=\count137
\@tmpstrctr=\count138
\@DT@loopN=\count139
\@DT@X=\count140

(/usr/local/texlive/2016/texmf-dist/tex/latex/fmtcount/fc-english.def
File: fc-english.def 2013/08/17
))
(/usr/local/texlive/2016/texmf-dist/tex/latex/datetime/datetime-defaults.sty
Package: datetime-defaults 2013/09/10
)
\@day=\count141
\@month=\count142
\@year=\count143
\c@HOUR=\count144
\c@HOURXII=\count145
\c@MINUTE=\count146
\c@TOHOUR=\count147
\c@TOMINUTE=\count148
\c@SECOND=\count149
\currenthour=\count150
\currentminute=\count151
\currentsecond=\count152
Package datetime Info: No datetime.cfg file found, using default settings on in
put line 308.
\@dtctr=\count153
\dayofyear=\count154
\dayofweek=\count155
LaTeX Info: Redefining \today on input line 736.
\dt@a=\toks34
\dt@b=\toks35
)
(/usr/local/texlive/2016/texmf-dist/tex/latex/oberdiek/centernot.sty
Package: centernot 2016/05/16 v1.4 Centers the not symbol horizontally (HO)
)
(/usr/local/texlive/2016/texmf-dist/tex/latex/jknapltx/mathrsfs.sty
Package: mathrsfs 1996/01/01 Math RSFS package v1.0 (jk)
\symrsfs=\mathgroup6
)
(/usr/local/texlive/2016/texmf-dist/tex/latex/base/textcomp.sty
Package: textcomp 2005/09/27 v1.99g Standard LaTeX package
Package textcomp Info: Sub-encoding information:
(textcomp)               5 = only ISO-Adobe without \textcurrency
(textcomp)               4 = 5 + \texteuro
(textcomp)               3 = 4 + \textohm
(textcomp)               2 = 3 + \textestimated + \textcurrency
(textcomp)               1 = TS1 - \textcircled - \t
(textcomp)               0 = TS1 (full)
(textcomp)             Font families with sub-encoding setting implement
(textcomp)             only a restricted character set as indicated.
(textcomp)             Family '?' is the default used for unknown fonts.
(textcomp)             See the documentation for details.
Package textcomp Info: Setting ? sub-encoding to TS1/1 on input line 79.

(/usr/local/texlive/2016/texmf-dist/tex/latex/base/ts1enc.def
File: ts1enc.def 2001/06/05 v3.0e (jk/car/fm) Standard LaTeX file
)
LaTeX Info: Redefining \oldstylenums on input line 334.
Package textcomp Info: Setting cmr sub-encoding to TS1/0 on input line 349.
Package textcomp Info: Setting cmss sub-encoding to TS1/0 on input line 350.
Package textcomp Info: Setting cmtt sub-encoding to TS1/0 on input line 351.
Package textcomp Info: Setting cmvtt sub-encoding to TS1/0 on input line 352.
Package textcomp Info: Setting cmbr sub-encoding to TS1/0 on input line 353.
Package textcomp Info: Setting cmtl sub-encoding to TS1/0 on input line 354.
Package textcomp Info: Setting ccr sub-encoding to TS1/0 on input line 355.
Package textcomp Info: Setting ptm sub-encoding to TS1/4 on input line 356.
Package textcomp Info: Setting pcr sub-encoding to TS1/4 on input line 357.
Package textcomp Info: Setting phv sub-encoding to TS1/4 on input line 358.
Package textcomp Info: Setting ppl sub-encoding to TS1/3 on input line 359.
Package textcomp Info: Setting pag sub-encoding to TS1/4 on input line 360.
Package textcomp Info: Setting pbk sub-encoding to TS1/4 on input line 361.
Package textcomp Info: Setting pnc sub-encoding to TS1/4 on input line 362.
Package textcomp Info: Setting pzc sub-encoding to TS1/4 on input line 363.
Package textcomp Info: Setting bch sub-encoding to TS1/4 on input line 364.
Package textcomp Info: Setting put sub-encoding to TS1/5 on input line 365.
Package textcomp Info: Setting uag sub-encoding to TS1/5 on input line 366.
Package textcomp Info: Setting ugq sub-encoding to TS1/5 on input line 367.
Package textcomp Info: Setting ul8 sub-encoding to TS1/4 on input line 368.
Package textcomp Info: Setting ul9 sub-encoding to TS1/4 on input line 369.
Package textcomp Info: Setting augie sub-encoding to TS1/5 on input line 370.
Package textcomp Info: Setting dayrom sub-encoding to TS1/3 on input line 371.
Package textcomp Info: Setting dayroms sub-encoding to TS1/3 on input line 372.

Package textcomp Info: Setting pxr sub-encoding to TS1/0 on input line 373.
Package textcomp Info: Setting pxss sub-encoding to TS1/0 on input line 374.
Package textcomp Info: Setting pxtt sub-encoding to TS1/0 on input line 375.
Package textcomp Info: Setting txr sub-encoding to TS1/0 on input line 376.
Package textcomp Info: Setting txss sub-encoding to TS1/0 on input line 377.
Package textcomp Info: Setting txtt sub-encoding to TS1/0 on input line 378.
Package textcomp Info: Setting lmr sub-encoding to TS1/0 on input line 379.
Package textcomp Info: Setting lmdh sub-encoding to TS1/0 on input line 380.
Package textcomp Info: Setting lmss sub-encoding to TS1/0 on input line 381.
Package textcomp Info: Setting lmssq sub-encoding to TS1/0 on input line 382.
Package textcomp Info: Setting lmvtt sub-encoding to TS1/0 on input line 383.
Package textcomp Info: Setting lmtt sub-encoding to TS1/0 on input line 384.
Package textcomp Info: Setting qhv sub-encoding to TS1/0 on input line 385.
Package textcomp Info: Setting qag sub-encoding to TS1/0 on input line 386.
Package textcomp Info: Setting qbk sub-encoding to TS1/0 on input line 387.
Package textcomp Info: Setting qcr sub-encoding to TS1/0 on input line 388.
Package textcomp Info: Setting qcs sub-encoding to TS1/0 on input line 389.
Package textcomp Info: Setting qpl sub-encoding to TS1/0 on input line 390.
Package textcomp Info: Setting qtm sub-encoding to TS1/0 on input line 391.
Package textcomp Info: Setting qzc sub-encoding to TS1/0 on input line 392.
Package textcomp Info: Setting qhvc sub-encoding to TS1/0 on input line 393.
Package textcomp Info: Setting futs sub-encoding to TS1/4 on input line 394.
Package textcomp Info: Setting futx sub-encoding to TS1/4 on input line 395.
Package textcomp Info: Setting futj sub-encoding to TS1/4 on input line 396.
Package textcomp Info: Setting hlh sub-encoding to TS1/3 on input line 397.
Package textcomp Info: Setting hls sub-encoding to TS1/3 on input line 398.
Package textcomp Info: Setting hlst sub-encoding to TS1/3 on input line 399.
Package textcomp Info: Setting hlct sub-encoding to TS1/5 on input line 400.
Package textcomp Info: Setting hlx sub-encoding to TS1/5 on input line 401.
Package textcomp Info: Setting hlce sub-encoding to TS1/5 on input line 402.
Package textcomp Info: Setting hlcn sub-encoding to TS1/5 on input line 403.
Package textcomp Info: Setting hlcw sub-encoding to TS1/5 on input line 404.
Package textcomp Info: Setting hlcf sub-encoding to TS1/5 on input line 405.
Package textcomp Info: Setting pplx sub-encoding to TS1/3 on input line 406.
Package textcomp Info: Setting pplj sub-encoding to TS1/3 on input line 407.
Package textcomp Info: Setting ptmx sub-encoding to TS1/4 on input line 408.
Package textcomp Info: Setting ptmj sub-encoding to TS1/4 on input line 409.
)
(/usr/local/texlive/2016/texmf-dist/tex/latex/setspace/setspace.sty
Package: setspace 2011/12/19 v6.7a set line spacing
)
(/usr/local/texlive/2016/texmf-dist/tex/latex/xcolor/xcolor.sty
Package: xcolor 2016/05/11 v2.12 LaTeX color extensions (UK)

(/usr/local/texlive/2016/texmf-dist/tex/latex/graphics-cfg/color.cfg
File: color.cfg 2016/01/02 v1.6 sample color configuration
)
Package xcolor Info: Driver file: pdftex.def on input line 225.
LaTeX Info: Redefining \color on input line 709.
Package xcolor Info: Model `cmy' substituted by `cmy0' on input line 1348.
Package xcolor Info: Model `hsb' substituted by `rgb' on input line 1352.
Package xcolor Info: Model `RGB' extended on input line 1364.
Package xcolor Info: Model `HTML' substituted by `rgb' on input line 1366.
Package xcolor Info: Model `Hsb' substituted by `hsb' on input line 1367.
Package xcolor Info: Model `tHsb' substituted by `hsb' on input line 1368.
Package xcolor Info: Model `HSB' substituted by `hsb' on input line 1369.
Package xcolor Info: Model `Gray' substituted by `gray' on input line 1370.
Package xcolor Info: Model `wave' substituted by `hsb' on input line 1371.
)
(/usr/local/texlive/2016/texmf-dist/tex/latex/caption/subcaption.sty
Package: subcaption 2016/05/22 v1.1-161 Sub-captions (AR)
\c@subfigure=\count156
\c@subtable=\count157
)
(/usr/local/texlive/2016/texmf-dist/tex/latex/listings/listings.sty
\lst@mode=\count158
\lst@gtempboxa=\box58
\lst@token=\toks36
\lst@length=\count159
\lst@currlwidth=\dimen158
\lst@column=\count160
\lst@pos=\count161
\lst@lostspace=\dimen159
\lst@width=\dimen160
\lst@newlines=\count162
\lst@lineno=\count163
\lst@maxwidth=\dimen161

(/usr/local/texlive/2016/texmf-dist/tex/latex/listings/lstmisc.sty
File: lstmisc.sty 2015/06/04 1.6 (Carsten Heinz)
\c@lstnumber=\count164
\lst@skipnumbers=\count165
\lst@framebox=\box59
)
(/usr/local/texlive/2016/texmf-dist/tex/latex/listings/listings.cfg
File: listings.cfg 2015/06/04 1.6 listings configuration
))
Package: listings 2015/06/04 1.6 (Carsten Heinz)

(/usr/local/texlive/2016/texmf-dist/tex/latex/psnfss/palatino.sty
Package: palatino 2005/04/12 PSNFSS-v9.2a (SPQR) 
)
(/usr/local/texlive/2016/texmf-dist/tex/latex/multirow/multirow.sty
\bigstrutjot=\dimen162
)
(/usr/local/texlive/2016/texmf-dist/tex/latex/algorithm2e/algorithm2e.sty
Package: algorithm2e 2013/01/06 v5.00 algorithms environments
\c@AlgoLine=\count166
\algocf@hangindent=\skip56

(/usr/local/texlive/2016/texmf-dist/tex/latex/tools/xspace.sty
Package: xspace 2014/10/28 v1.13 Space after command names (DPC,MH)
)
(/usr/local/texlive/2016/texmf-dist/tex/latex/relsize/relsize.sty
Package: relsize 2013/03/29 ver 4.1
)
********************************************************
Package `algorithm2e' Release 5.1 -- october 19 2015 --
- algorithm2e-announce@lirmm.fr mailing list for announcement about releases
- algorithm2e-discussion@lirmm.fr mailing list for discussion about package
subscribe by emailing sympa@lirmm.fr with 'subscribe <list> <firstname name>'
- Author: Christophe Fiorio (christophe.fiorio@umontpellier.fr)
********************************************************
\skiptotal=\skip57
\skiplinenumber=\skip58
\skiprule=\skip59
\skiphlne=\skip60
\skiptext=\skip61
\skiplength=\skip62
\algomargin=\skip63
\skipalgocfslide=\skip64
\algowidth=\dimen163
\inoutsize=\dimen164
\inoutindent=\dimen165
\interspacetitleruled=\dimen166
\interspacealgoruled=\dimen167
\interspacetitleboxruled=\dimen168
\algocf@ruledwidth=\skip65
\algocf@inoutbox=\box60
\algocf@inputbox=\box61
\AlCapSkip=\skip66
\AlCapHSkip=\skip67
\algoskipindent=\skip68
\algocf@nlbox=\box62
\algocf@hangingbox=\box63
\algocf@untilbox=\box64
\algocf@skipuntil=\skip69
\algocf@capbox=\box65
\algoheightruledefault=\skip70
\algoheightrule=\skip71
\algotitleheightruledefault=\skip72
\algotitleheightrule=\skip73
\c@algocfline=\count167
\c@algocfproc=\count168
\c@algocf=\count169
\algocf@algoframe=\box66
\algocf@algobox=\box67
) (/usr/local/texlive/2016/texmf-dist/tex/latex/natbib/natbib.sty
Package: natbib 2010/09/13 8.31b (PWD, AO)
\bibhang=\skip74
\bibsep=\skip75
LaTeX Info: Redefining \cite on input line 694.
\c@NAT@ctr=\count170
)
(/usr/local/texlive/2016/texmf-dist/tex/latex/titlesec/titlesec.sty
Package: titlesec 2016/03/21 v2.10.2 Sectioning titles
\ttl@box=\box68
\beforetitleunit=\skip76
\aftertitleunit=\skip77
\ttl@plus=\dimen169
\ttl@minus=\dimen170
\ttl@toksa=\toks37
\titlewidth=\dimen171
\titlewidthlast=\dimen172
\titlewidthfirst=\dimen173
)
\@input{pythonlisting.aux}
\openout2 = `pythonlisting.aux'.

No file pythonlisting.tex.
(/usr/local/texlive/2016/texmf-dist/tex/latex/fancyhdr/fancyhdr.sty
\fancy@headwidth=\skip78
\f@ncyO@elh=\skip79
\f@ncyO@erh=\skip80
\f@ncyO@olh=\skip81
\f@ncyO@orh=\skip82
\f@ncyO@elf=\skip83
\f@ncyO@erf=\skip84
\f@ncyO@olf=\skip85
\f@ncyO@orf=\skip86
)

Package Fancyhdr Warning: \fancyfoot's `E' option without twoside option is use
less on input line 123.

Package hyperref Info: Option `colorlinks' set `true' on input line 128.
(./pySOT.aux

LaTeX Warning: Label `fig:First_figure' multiply defined.


LaTeX Warning: Label `sub@fig:First_figure' multiply defined.

)
\openout1 = `pySOT.aux'.

LaTeX Font Info:    Checking defaults for OML/cmm/m/it on input line 177.
LaTeX Font Info:    ... okay on input line 177.
LaTeX Font Info:    Checking defaults for T1/cmr/m/n on input line 177.
LaTeX Font Info:    ... okay on input line 177.
LaTeX Font Info:    Checking defaults for OT1/cmr/m/n on input line 177.
LaTeX Font Info:    ... okay on input line 177.
LaTeX Font Info:    Checking defaults for OMS/cmsy/m/n on input line 177.
LaTeX Font Info:    ... okay on input line 177.
LaTeX Font Info:    Checking defaults for OMX/cmex/m/n on input line 177.
LaTeX Font Info:    ... okay on input line 177.
LaTeX Font Info:    Checking defaults for U/cmr/m/n on input line 177.
LaTeX Font Info:    ... okay on input line 177.
LaTeX Font Info:    Checking defaults for PD1/pdf/m/n on input line 177.
LaTeX Font Info:    ... okay on input line 177.
LaTeX Font Info:    Checking defaults for TS1/cmr/m/n on input line 177.
LaTeX Font Info:    Try loading font information for TS1+cmr on input line 177.

 (/usr/local/texlive/2016/texmf-dist/tex/latex/base/ts1cmr.fd
File: ts1cmr.fd 2014/09/29 v2.5h Standard LaTeX font definitions
)
LaTeX Font Info:    ... okay on input line 177.
LaTeX Font Info:    Try loading font information for OT1+ppl on input line 177.


(/usr/local/texlive/2016/texmf-dist/tex/latex/psnfss/ot1ppl.fd
File: ot1ppl.fd 2001/06/04 font definitions for OT1/ppl.
)
(/usr/local/texlive/2016/texmf-dist/tex/context/base/mkii/supp-pdf.mkii
[Loading MPS to PDF converter (version 2006.09.02).]
\scratchcounter=\count171
\scratchdimen=\dimen174
\scratchbox=\box69
\nofMPsegments=\count172
\nofMParguments=\count173
\everyMPshowfont=\toks38
\MPscratchCnt=\count174
\MPscratchDim=\dimen175
\MPnumerator=\count175
\makeMPintoPDFobject=\count176
\everyMPtoPDFconversion=\toks39
)
\AtBeginShipoutBox=\box70
Package hyperref Info: Link coloring ON on input line 177.
 (/usr/local/texlive/2016/texmf-dist/tex/latex/hyperref/nameref.sty
Package: nameref 2016/05/21 v2.44 Cross-referencing by name of section

(/usr/local/texlive/2016/texmf-dist/tex/generic/oberdiek/gettitlestring.sty
Package: gettitlestring 2016/05/16 v1.5 Cleanup title references (HO)
)
\c@section@level=\count177
)
LaTeX Info: Redefining \ref on input line 177.
LaTeX Info: Redefining \pageref on input line 177.
LaTeX Info: Redefining \nameref on input line 177.

(./pySOT.out) (./pySOT.out)
\@outlinefile=\write3
\openout3 = `pySOT.out'.

\symgns@font=\mathgroup7
LaTeX Font Info:    Overwriting symbol font `gns@font' in version `bold'
(Font)                  TS1/ppl/m/n --> TS1/ppl/bx/n on input line 177.
Package gensymb Info: Math companion symbols declared on input line 177.
LaTeX Info: Redefining \degree on input line 177.
LaTeX Info: Redefining \celsius on input line 177.
Package gensymb Info: Using text companion symbols for \degree, \celsius and \p
erthousand on input line 177.
LaTeX Info: Redefining \ohm on input line 177.
Package gensymb Info: Using \textohm for \ohm on input line 177.
Package gensymb Info: Using \textmu for \micro on input line 177.

*geometry* driver: auto-detecting
*geometry* detected driver: pdftex
*geometry* verbose mode - [ preamble ] result:
* driver: pdftex
* paper: <default>
* layout: <same size as paper>
* layoutoffset:(h,v)=(0.0pt,0.0pt)
* hratio: 1:1
* modes: 
* h-part:(L,W,R)=(92.14519pt, 430.00462pt, 92.14519pt)
* v-part:(T,H,B)=(71.13188pt, 628.44073pt, 95.39737pt)
* \paperwidth=614.295pt
* \paperheight=794.96999pt
* \textwidth=430.00462pt
* \textheight=628.44073pt
* \oddsidemargin=19.8752pt
* \evensidemargin=19.8752pt
* \topmargin=-38.1381pt
* \headheight=12.0pt
* \headsep=25.0pt
* \topskip=10.0pt
* \footskip=30.0pt
* \marginparwidth=65.0pt
* \marginparsep=11.0pt
* \columnsep=20.0pt
* \skip\footins=9.0pt plus 4.0pt minus 2.0pt
* \hoffset=0.0pt
* \voffset=0.0pt
* \mag=1000
* \@twocolumnfalse
* \@twosidefalse
* \@mparswitchfalse
* \@reversemarginfalse
* (1in=72.27pt=25.4mm, 1cm=28.453pt)

Package caption Info: Begin \AtBeginDocument code.
Package caption Info: listings package is loaded.
Package caption Info: End \AtBeginDocument code.
\c@lstlisting=\count178
LaTeX Font Info:    Font shape `OT1/ppl/bx/n' in size <18> not available
(Font)              Font shape `OT1/ppl/b/n' tried instead on input line 181.
LaTeX Font Info:    Try loading font information for U+msa on input line 181.
(/usr/local/texlive/2016/texmf-dist/tex/latex/amsfonts/umsa.fd
File: umsa.fd 2013/01/14 v3.01 AMS symbols A
)
LaTeX Font Info:    Try loading font information for U+msb on input line 181.

(/usr/local/texlive/2016/texmf-dist/tex/latex/amsfonts/umsb.fd
File: umsb.fd 2013/01/14 v3.01 AMS symbols B
)
LaTeX Font Info:    Try loading font information for U+rsfs on input line 181.

(/usr/local/texlive/2016/texmf-dist/tex/latex/jknapltx/ursfs.fd
File: ursfs.fd 1998/03/24 rsfs font definition file (jk)
)
LaTeX Font Info:    Try loading font information for TS1+ppl on input line 181.


(/usr/local/texlive/2016/texmf-dist/tex/latex/psnfss/ts1ppl.fd
File: ts1ppl.fd 2001/06/04 font definitions for TS1/ppl.
)
LaTeX Font Info:    Font shape `OT1/ppl/bx/n' in size <14.4> not available
(Font)              Font shape `OT1/ppl/b/n' tried instead on input line 182.
 (./pySOT.toc
LaTeX Font Info:    Font shape `OT1/ppl/bx/n' in size <12> not available
(Font)              Font shape `OT1/ppl/b/n' tried instead on input line 1.


Package Fancyhdr Warning: \headheight is too small (12.0pt): 
 Make it at least 22.88495pt.
 We now make it that large for the rest of the document.
 This may cause the page layout to be inconsistent, however.

[1{/usr/local/texlive/2016/texmf-var/fonts/map/pdftex/updmap/pdftex.map}



])
\tf@toc=\write4
\openout4 = `pySOT.toc'.


[2]
Overfull \hbox (0.70273pt too wide) in paragraph at lines 206--207
[]\OT1/ppl/m/n/12 Added an ex-am-ple with a MAT-LAB en-gine in case the op-ti-m
iza-tion prob-
 []

[3] [4]
Overfull \hbox (5.69437pt too wide) in paragraph at lines 327--328
[]\OT1/ppl/m/n/12 Added GUI test ex-am-ples in doc-u-men-ta-tion (Ack-ley.py, K
eane.py, Sphere-
 []

[5] [6]
LaTeX Font Info:    Font shape `OT1/ppl/bx/n' in size <10> not available
(Font)              Font shape `OT1/ppl/b/n' tried instead on input line 404.
LaTeX Font Info:    Font shape `OT1/ppl/bx/n' in size <7> not available
(Font)              Font shape `OT1/ppl/b/n' tried instead on input line 406.

Underfull \hbox (badness 10000) in paragraph at lines 427--431

 []

(/usr/local/texlive/2016/texmf-dist/tex/latex/listings/lstlang1.sty
File: lstlang1.sty 2015/06/04 1.6 listings language file
) [7]
LaTeX Font Info:    Try loading font information for OT1+pcr on input line 435.


(/usr/local/texlive/2016/texmf-dist/tex/latex/psnfss/ot1pcr.fd
File: ot1pcr.fd 2001/06/04 font definitions for OT1/pcr.
)
LaTeX Font Info:    Font shape `OT1/pcr/bx/n' in size <9> not available
(Font)              Font shape `OT1/pcr/b/n' tried instead on input line 436.
 [8] [9]
Underfull \hbox (badness 10000) in paragraph at lines 591--594

 []

[10]
Overfull \hbox (23.5828pt too wide) in paragraph at lines 604--607
[]\OT1/ppl/b/n/12 MARSInterpolant: \OT1/ppl/m/n/12 Gen-er-ate a Mul-ti-vari-ate
 Adap-tive Re-gres-sion Splines (MARS)
 []

[11]
Underfull \hbox (badness 10000) in paragraph at lines 654--659

 []


Underfull \hbox (badness 10000) in paragraph at lines 683--689

 []

[12] [13]
Overfull \hbox (11.77045pt too wide) in paragraph at lines 734--738
\OT1/ppl/m/n/12 bound con-straints which means that we need to im-ple-ment the 
eval[]ineq[]constraints
 []

LaTeX Font Info:    Try loading font information for TS1+pcr on input line 759.

(/usr/local/texlive/2016/texmf-dist/tex/latex/psnfss/ts1pcr.fd
File: ts1pcr.fd 2001/06/04 font definitions for TS1/pcr.
)
Underfull \hbox (badness 10000) in paragraph at lines 762--764

 []

[14]
Overfull \hbox (8.13066pt too wide) in paragraph at lines 781--784
\OT1/ppl/m/n/12 pro-vid-ing the points that were eval-u-ated in the ex-per-i-me
n-tal de-sign phase,
 []


Overfull \hbox (4.28654pt too wide) in paragraph at lines 798--800
[]\OT1/ppl/b/n/12 CandidateSRBF[]INT: \OT1/ppl/m/n/12 Uses Can-di-dateS-RBF but
 only per-turbs the in-te-ger vari-
 []


Overfull \hbox (4.32349pt too wide) in paragraph at lines 816--818
[]\OT1/ppl/b/n/12 CandidateUniform: \OT1/ppl/m/n/12 Chooses a new point uni-for
mly from the box-constrained
 []

[15]
Overfull \hbox (0.15427pt too wide) in paragraph at lines 823--838
\OT1/ppl/m/n/12 The Can-di-dat-eDY-CORS al-go-rithm is the bread-and-butter al-
go-rithm for any prob-
 []

[16]
Overfull \hbox (14.23059pt too wide) in paragraph at lines 883--888
\OT1/ppl/m/n/12 pySOT needs only the Thread-Con-troller, where we cre-ate a tea
m of work-ers (threads)
 []

[17]
Underfull \hbox (badness 10000) in paragraph at lines 959--960

 []


Underfull \hbox (badness 10000) in paragraph at lines 972--973

 []

[18]
Underfull \hbox (badness 10000) in paragraph at lines 985--986

 []

[19] <./Pics/GUI1.png, id=404, 803.0pt x 614.295pt>
File: ./Pics/GUI1.png Graphic file (type png)
 <use ./Pics/GUI1.png>
Package pdftex.def Info: ./Pics/GUI1.png used on input line 1042.
(pdftex.def)             Requested size: 210.70462pt x 161.18454pt.

<./Pics/GUI2.png, id=406, 803.0pt x 614.295pt>
File: ./Pics/GUI2.png Graphic file (type png)
 <use ./Pics/GUI2.png>
Package pdftex.def Info: ./Pics/GUI2.png used on input line 1048.
(pdftex.def)             Requested size: 210.70462pt x 161.18454pt.

<./Pics/GUI3.png, id=407, 803.0pt x 614.295pt>
File: ./Pics/GUI3.png Graphic file (type png)
 <use ./Pics/GUI3.png>
Package pdftex.def Info: ./Pics/GUI3.png used on input line 1054.
(pdftex.def)             Requested size: 210.70462pt x 161.18454pt.

<./Pics/GUI4.png, id=408, 803.0pt x 614.295pt>
File: ./Pics/GUI4.png Graphic file (type png)
 <use ./Pics/GUI4.png>
Package pdftex.def Info: ./Pics/GUI4.png used on input line 1060.
(pdftex.def)             Requested size: 210.70462pt x 161.18454pt.

<RBFabstraction.pdf, id=409, 723.11403pt x 333.93196pt>
File: RBFabstraction.pdf Graphic file (type pdf)

<use RBFabstraction.pdf>
Package pdftex.def Info: RBFabstraction.pdf used on input line 1075.
(pdftex.def)             Requested size: 723.11227pt x 333.93114pt.
 [20 <./Pics/GUI1.png> <./Pics/GUI2.png> <./Pics/GUI3.png> <./Pics/GUI4.png>] (
./pySOT.bbl [21 <./RBFabstraction.pdf>])
Package atveryend Info: Empty hook `BeforeClearDocument' on input line 1092.
 [22]
Package atveryend Info: Empty hook `AfterLastShipout' on input line 1092.

(./pySOT.aux)
Package atveryend Info: Executing hook `AtVeryEndDocument' on input line 1092.
Package atveryend Info: Executing hook `AtEndAfterFileList' on input line 1092.

Package rerunfilecheck Info: File `pySOT.out' has not changed.
(rerunfilecheck)             Checksum: 92887D4A73489E06BEF1BC040ED02020;1229.


LaTeX Warning: There were multiply-defined labels.

Package atveryend Info: Empty hook `AtVeryVeryEnd' on input line 1092.
 )
(\end occurred inside a group at level 1)

### simple group (level 1) entered at line 1061 ({)
### bottom level 
Here is how much of TeX's memory you used:
 14777 strings out of 493014
 213330 string characters out of 6133351
 386623 words of memory out of 5000000
 17804 multiletter control sequences out of 15000+600000
 31738 words of font info for 93 fonts, out of 8000000 for 9000
 1141 hyphenation exceptions out of 8191
 42i,15n,77p,1009b,4791s stack positions out of 5000i,500n,10000p,200000b,80000s
{/usr/local/texlive/2016/texmf-dist/fonts/enc/dvips/base/8r.enc
}</usr/local/texlive/2016/texmf-dist/fonts/type1/public/amsfonts/cm/cmex10.pfb>
</usr/local/texlive/2016/texmf-dist/fonts/type1/public/amsfonts/cm/cmmi12.pfb><
/usr/local/texlive/2016/texmf-dist/fonts/type1/public/amsfonts/cm/cmmi8.pfb></u
sr/local/texlive/2016/texmf-dist/fonts/type1/public/amsfonts/cm/cmr12.pfb></usr
/local/texlive/2016/texmf-dist/fonts/type1/public/amsfonts/cm/cmr8.pfb></usr/lo
cal/texlive/2016/texmf-dist/fonts/type1/public/amsfonts/cm/cmsy10.pfb></usr/loc
al/texlive/2016/texmf-dist/fonts/type1/public/amsfonts/symbols/msbm10.pfb></usr
/local/texlive/2016/texmf-dist/fonts/type1/urw/courier/ucrb8a.pfb></usr/local/t
exlive/2016/texmf-dist/fonts/type1/urw/courier/ucrr8a.pfb></usr/local/texlive/2
016/texmf-dist/fonts/type1/urw/courier/ucrro8a.pfb></usr/local/texlive/2016/tex
mf-dist/fonts/type1/urw/palatino/uplb8a.pfb></usr/local/texlive/2016/texmf-dist
/fonts/type1/urw/palatino/uplr8a.pfb></usr/local/texlive/2016/texmf-dist/fonts/
type1/urw/palatino/uplri8a.pfb>
Output written on pySOT.pdf (22 pages, 833183 bytes).
PDF statistics:
 627 PDF objects out of 1000 (max. 8388607)
 530 compressed objects within 6 object streams
 225 named destinations out of 1000 (max. 500000)
 194 words of extra memory for PDF output out of 10000 (max. 10000000)

