\BOOKMARK [1][-]{section.1}{Change history:}{}% 1
\BOOKMARK [1][-]{section.2}{Introduction}{}% 2
\BOOKMARK [1][-]{section.3}{Licensing}{}% 3
\BOOKMARK [1][-]{section.4}{Surrogate Model Algorithms}{}% 4
\BOOKMARK [1][-]{section.5}{Installation}{}% 5
\BOOKMARK [1][-]{section.6}{Sphinx documentation}{}% 6
\BOOKMARK [1][-]{section.7}{Options}{}% 7
\BOOKMARK [2][-]{subsection.7.1}{Experimental design}{section.7}% 8
\BOOKMARK [2][-]{subsection.7.2}{Surrogate model}{section.7}% 9
\BOOKMARK [2][-]{subsection.7.3}{Capped RBF model}{section.7}% 10
\BOOKMARK [2][-]{subsection.7.4}{Scaled RBF model}{section.7}% 11
\BOOKMARK [2][-]{subsection.7.5}{Objective function}{section.7}% 12
\BOOKMARK [2][-]{subsection.7.6}{Generation of next point to evaluate}{section.7}% 13
\BOOKMARK [1][-]{section.8}{POAP}{}% 14
\BOOKMARK [2][-]{subsection.8.1}{Controller}{section.8}% 15
\BOOKMARK [2][-]{subsection.8.2}{Strategies}{section.8}% 16
\BOOKMARK [1][-]{section.9}{Guidelines for selecting parameters and components}{}% 17
\BOOKMARK [1][-]{section.10}{Graphical user interface}{}% 18
\BOOKMARK [1][-]{section.11}{Examples}{}% 19
\BOOKMARK [1][-]{section.12}{Hierarchy of POAP + pySOT}{}% 20
\BOOKMARK [1][-]{section.13}{Future changes}{}% 21
